<?xml version="1.0" encoding="UTF-8"?>
<testsuite xmlns:xsi="http://www.w3.org/2001/XMLSchema-instance" xsi:noNamespaceSchemaLocation="https://maven.apache.org/surefire/maven-surefire-plugin/xsd/surefire-test-report-3.0.xsd" version="3.0" name="apiRunner.API_Test_Runner2" time="5.597" tests="40" errors="0" skipped="0" failures="0">
  <properties>
    <property name="sun.desktop" value="windows"/>
    <property name="awt.toolkit" value="sun.awt.windows.WToolkit"/>
    <property name="file.encoding.pkg" value="sun.io"/>
    <property name="java.specification.version" value="1.8"/>
    <property name="sun.cpu.isalist" value="amd64"/>
    <property name="sun.jnu.encoding" value="Cp1252"/>
    <property name="java.class.path" value="C:\Users\lenovo\Assignments\uiapitests\target\test-classes;C:\Users\lenovo\Assignments\uiapitests\target\classes;C:\Users\skanda\.m2\repository\io\cucumber\cucumber-java\5.2.0\cucumber-java-5.2.0.jar;C:\Users\skanda\.m2\repository\io\cucumber\cucumber-core\5.2.0\cucumber-core-5.2.0.jar;C:\Users\skanda\.m2\repository\io\cucumber\cucumber-gherkin\5.2.0\cucumber-gherkin-5.2.0.jar;C:\Users\skanda\.m2\repository\io\cucumber\cucumber-gherkin-vintage\5.2.0\cucumber-gherkin-vintage-5.2.0.jar;C:\Users\skanda\.m2\repository\io\cucumber\tag-expressions\2.0.4\tag-expressions-2.0.4.jar;C:\Users\skanda\.m2\repository\io\cucumber\cucumber-expressions\8.3.1\cucumber-expressions-8.3.1.jar;C:\Users\skanda\.m2\repository\io\cucumber\datatable\3.3.0\datatable-3.3.0.jar;C:\Users\skanda\.m2\repository\io\cucumber\cucumber-plugin\5.2.0\cucumber-plugin-5.2.0.jar;C:\Users\skanda\.m2\repository\io\cucumber\docstring\5.2.0\docstring-5.2.0.jar;C:\Users\skanda\.m2\repository\org\apiguardian\apiguardian-api\1.1.0\apiguardian-api-1.1.0.jar;C:\Users\skanda\.m2\repository\io\cucumber\cucumber-jvm-deps\1.0.6\cucumber-jvm-deps-1.0.6.jar;C:\Users\skanda\.m2\repository\io\cucumber\cucumber-junit\5.2.0\cucumber-junit-5.2.0.jar;C:\Users\skanda\.m2\repository\org\seleniumhq\selenium\selenium-java\4.1.1\selenium-java-4.1.1.jar;C:\Users\skanda\.m2\repository\org\seleniumhq\selenium\selenium-api\4.1.1\selenium-api-4.1.1.jar;C:\Users\skanda\.m2\repository\org\seleniumhq\selenium\selenium-chrome-driver\4.1.1\selenium-chrome-driver-4.1.1.jar;C:\Users\skanda\.m2\repository\com\google\auto\service\auto-service-annotations\1.0.1\auto-service-annotations-1.0.1.jar;C:\Users\skanda\.m2\repository\com\google\auto\service\auto-service\1.0.1\auto-service-1.0.1.jar;C:\Users\skanda\.m2\repository\com\google\auto\auto-common\1.2\auto-common-1.2.jar;C:\Users\skanda\.m2\repository\com\google\guava\guava\31.0.1-jre\guava-31.0.1-jre.jar;C:\Users\skanda\.m2\repository\com\google\guava\failureaccess\1.0.1\failureaccess-1.0.1.jar;C:\Users\skanda\.m2\repository\com\google\guava\listenablefuture\9999.0-empty-to-avoid-conflict-with-guava\listenablefuture-9999.0-empty-to-avoid-conflict-with-guava.jar;C:\Users\skanda\.m2\repository\com\google\code\findbugs\jsr305\3.0.2\jsr305-3.0.2.jar;C:\Users\skanda\.m2\repository\org\checkerframework\checker-qual\3.12.0\checker-qual-3.12.0.jar;C:\Users\skanda\.m2\repository\com\google\errorprone\error_prone_annotations\2.7.1\error_prone_annotations-2.7.1.jar;C:\Users\skanda\.m2\repository\com\google\j2objc\j2objc-annotations\1.3\j2objc-annotations-1.3.jar;C:\Users\skanda\.m2\repository\org\seleniumhq\selenium\selenium-chromium-driver\4.1.1\selenium-chromium-driver-4.1.1.jar;C:\Users\skanda\.m2\repository\org\seleniumhq\selenium\selenium-json\4.1.1\selenium-json-4.1.1.jar;C:\Users\skanda\.m2\repository\org\seleniumhq\selenium\selenium-devtools-v85\4.1.1\selenium-devtools-v85-4.1.1.jar;C:\Users\skanda\.m2\repository\org\seleniumhq\selenium\selenium-devtools-v94\4.1.1\selenium-devtools-v94-4.1.1.jar;C:\Users\skanda\.m2\repository\org\seleniumhq\selenium\selenium-devtools-v95\4.1.1\selenium-devtools-v95-4.1.1.jar;C:\Users\skanda\.m2\repository\org\seleniumhq\selenium\selenium-devtools-v96\4.1.1\selenium-devtools-v96-4.1.1.jar;C:\Users\skanda\.m2\repository\org\seleniumhq\selenium\selenium-edge-driver\4.1.1\selenium-edge-driver-4.1.1.jar;C:\Users\skanda\.m2\repository\org\seleniumhq\selenium\selenium-firefox-driver\4.1.1\selenium-firefox-driver-4.1.1.jar;C:\Users\skanda\.m2\repository\org\seleniumhq\selenium\selenium-firefox-xpi-driver\4.1.1\selenium-firefox-xpi-driver-4.1.1.jar;C:\Users\skanda\.m2\repository\org\seleniumhq\selenium\selenium-ie-driver\4.1.1\selenium-ie-driver-4.1.1.jar;C:\Users\skanda\.m2\repository\org\seleniumhq\selenium\selenium-opera-driver\4.1.1\selenium-opera-driver-4.1.1.jar;C:\Users\skanda\.m2\repository\org\seleniumhq\selenium\selenium-remote-driver\4.1.1\selenium-remote-driver-4.1.1.jar;C:\Users\skanda\.m2\repository\com\beust\jcommander\1.81\jcommander-1.81.jar;C:\Users\skanda\.m2\repository\io\netty\netty-buffer\4.1.70.Final\netty-buffer-4.1.70.Final.jar;C:\Users\skanda\.m2\repository\io\netty\netty-codec-http\4.1.70.Final\netty-codec-http-4.1.70.Final.jar;C:\Users\skanda\.m2\repository\io\netty\netty-codec\4.1.70.Final\netty-codec-4.1.70.Final.jar;C:\Users\skanda\.m2\repository\io\netty\netty-handler\4.1.70.Final\netty-handler-4.1.70.Final.jar;C:\Users\skanda\.m2\repository\io\netty\netty-common\4.1.70.Final\netty-common-4.1.70.Final.jar;C:\Users\skanda\.m2\repository\io\netty\netty-transport-classes-epoll\4.1.70.Final\netty-transport-classes-epoll-4.1.70.Final.jar;C:\Users\skanda\.m2\repository\io\netty\netty-transport-classes-kqueue\4.1.70.Final\netty-transport-classes-kqueue-4.1.70.Final.jar;C:\Users\skanda\.m2\repository\io\netty\netty-transport-native-unix-common\4.1.70.Final\netty-transport-native-unix-common-4.1.70.Final.jar;C:\Users\skanda\.m2\repository\io\netty\netty-transport\4.1.70.Final\netty-transport-4.1.70.Final.jar;C:\Users\skanda\.m2\repository\io\netty\netty-resolver\4.1.70.Final\netty-resolver-4.1.70.Final.jar;C:\Users\skanda\.m2\repository\io\opentelemetry\opentelemetry-api\1.9.1\opentelemetry-api-1.9.1.jar;C:\Users\skanda\.m2\repository\io\opentelemetry\opentelemetry-context\1.9.1\opentelemetry-context-1.9.1.jar;C:\Users\skanda\.m2\repository\io\opentelemetry\opentelemetry-exporter-logging\1.9.1\opentelemetry-exporter-logging-1.9.1.jar;C:\Users\skanda\.m2\repository\io\opentelemetry\opentelemetry-sdk-metrics\1.9.1-alpha\opentelemetry-sdk-metrics-1.9.1-alpha.jar;C:\Users\skanda\.m2\repository\io\opentelemetry\opentelemetry-sdk-logs\1.9.1-alpha\opentelemetry-sdk-logs-1.9.1-alpha.jar;C:\Users\skanda\.m2\repository\com\fasterxml\jackson\core\jackson-databind\2.13.0\jackson-databind-2.13.0.jar;C:\Users\skanda\.m2\repository\com\fasterxml\jackson\core\jackson-annotations\2.13.0\jackson-annotations-2.13.0.jar;C:\Users\skanda\.m2\repository\com\fasterxml\jackson\core\jackson-core\2.13.0\jackson-core-2.13.0.jar;C:\Users\skanda\.m2\repository\io\opentelemetry\opentelemetry-sdk-common\1.9.1\opentelemetry-sdk-common-1.9.1.jar;C:\Users\skanda\.m2\repository\io\opentelemetry\opentelemetry-sdk-extension-autoconfigure-spi\1.9.1\opentelemetry-sdk-extension-autoconfigure-spi-1.9.1.jar;C:\Users\skanda\.m2\repository\io\opentelemetry\opentelemetry-sdk-extension-autoconfigure\1.9.1-alpha\opentelemetry-sdk-extension-autoconfigure-1.9.1-alpha.jar;C:\Users\skanda\.m2\repository\io\opentelemetry\opentelemetry-sdk-trace\1.9.1\opentelemetry-sdk-trace-1.9.1.jar;C:\Users\skanda\.m2\repository\io\opentelemetry\opentelemetry-api-metrics\1.9.1-alpha\opentelemetry-api-metrics-1.9.1-alpha.jar;C:\Users\skanda\.m2\repository\io\opentelemetry\opentelemetry-sdk\1.9.1\opentelemetry-sdk-1.9.1.jar;C:\Users\skanda\.m2\repository\io\opentelemetry\opentelemetry-semconv\1.9.1-alpha\opentelemetry-semconv-1.9.1-alpha.jar;C:\Users\skanda\.m2\repository\io\ous\jtoml\2.0.0\jtoml-2.0.0.jar;C:\Users\skanda\.m2\repository\net\bytebuddy\byte-buddy\1.12.2\byte-buddy-1.12.2.jar;C:\Users\skanda\.m2\repository\org\apache\commons\commons-exec\1.3\commons-exec-1.3.jar;C:\Users\skanda\.m2\repository\org\asynchttpclient\async-http-client\2.12.3\async-http-client-2.12.3.jar;C:\Users\skanda\.m2\repository\org\asynchttpclient\async-http-client-netty-utils\2.12.3\async-http-client-netty-utils-2.12.3.jar;C:\Users\skanda\.m2\repository\io\netty\netty-codec-socks\4.1.60.Final\netty-codec-socks-4.1.60.Final.jar;C:\Users\skanda\.m2\repository\io\netty\netty-handler-proxy\4.1.60.Final\netty-handler-proxy-4.1.60.Final.jar;C:\Users\skanda\.m2\repository\io\netty\netty-transport-native-epoll\4.1.60.Final\netty-transport-native-epoll-4.1.60.Final-linux-x86_64.jar;C:\Users\skanda\.m2\repository\io\netty\netty-transport-native-kqueue\4.1.60.Final\netty-transport-native-kqueue-4.1.60.Final-osx-x86_64.jar;C:\Users\skanda\.m2\repository\org\reactivestreams\reactive-streams\1.0.3\reactive-streams-1.0.3.jar;C:\Users\skanda\.m2\repository\com\typesafe\netty\netty-reactive-streams\2.0.4\netty-reactive-streams-2.0.4.jar;C:\Users\skanda\.m2\repository\org\slf4j\slf4j-api\1.7.30\slf4j-api-1.7.30.jar;C:\Users\skanda\.m2\repository\com\sun\activation\jakarta.activation\1.2.2\jakarta.activation-1.2.2.jar;C:\Users\skanda\.m2\repository\org\seleniumhq\selenium\selenium-http\4.1.1\selenium-http-4.1.1.jar;C:\Users\skanda\.m2\repository\net\jodah\failsafe\2.4.4\failsafe-2.4.4.jar;C:\Users\skanda\.m2\repository\org\seleniumhq\selenium\selenium-safari-driver\4.1.1\selenium-safari-driver-4.1.1.jar;C:\Users\skanda\.m2\repository\org\seleniumhq\selenium\selenium-support\4.1.1\selenium-support-4.1.1.jar;C:\Users\skanda\.m2\repository\io\rest-assured\rest-assured\4.2.0\rest-assured-4.2.0.jar;C:\Users\skanda\.m2\repository\org\codehaus\groovy\groovy\2.5.8\groovy-2.5.8.jar;C:\Users\skanda\.m2\repository\org\codehaus\groovy\groovy-xml\2.5.8\groovy-xml-2.5.8.jar;C:\Users\skanda\.m2\repository\org\apache\httpcomponents\httpclient\4.5.3\httpclient-4.5.3.jar;C:\Users\skanda\.m2\repository\org\apache\httpcomponents\httpcore\4.4.6\httpcore-4.4.6.jar;C:\Users\skanda\.m2\repository\commons-logging\commons-logging\1.2\commons-logging-1.2.jar;C:\Users\skanda\.m2\repository\commons-codec\commons-codec\1.9\commons-codec-1.9.jar;C:\Users\skanda\.m2\repository\org\apache\httpcomponents\httpmime\4.5.3\httpmime-4.5.3.jar;C:\Users\skanda\.m2\repository\org\hamcrest\hamcrest\2.1\hamcrest-2.1.jar;C:\Users\skanda\.m2\repository\org\ccil\cowan\tagsoup\tagsoup\1.2.1\tagsoup-1.2.1.jar;C:\Users\skanda\.m2\repository\io\rest-assured\json-path\4.2.0\json-path-4.2.0.jar;C:\Users\skanda\.m2\repository\org\codehaus\groovy\groovy-json\2.5.8\groovy-json-2.5.8.jar;C:\Users\skanda\.m2\repository\io\rest-assured\rest-assured-common\4.2.0\rest-assured-common-4.2.0.jar;C:\Users\skanda\.m2\repository\io\rest-assured\xml-path\4.2.0\xml-path-4.2.0.jar;C:\Users\skanda\.m2\repository\org\apache\commons\commons-lang3\3.4\commons-lang3-3.4.jar;C:\Users\skanda\.m2\repository\jakarta\xml\bind\jakarta.xml.bind-api\2.3.2\jakarta.xml.bind-api-2.3.2.jar;C:\Users\skanda\.m2\repository\jakarta\activation\jakarta.activation-api\1.2.1\jakarta.activation-api-1.2.1.jar;C:\Users\skanda\.m2\repository\com\sun\xml\bind\jaxb-osgi\2.3.0.1\jaxb-osgi-2.3.0.1.jar;C:\Users\skanda\.m2\repository\org\apache\sling\org.apache.sling.javax.activation\0.1.0\org.apache.sling.javax.activation-0.1.0.jar;C:\Users\skanda\.m2\repository\javax\activation\activation\1.1.1\activation-1.1.1.jar;C:\Users\skanda\.m2\repository\junit\junit\4.13\junit-4.13.jar;C:\Users\skanda\.m2\repository\org\hamcrest\hamcrest-core\1.3\hamcrest-core-1.3.jar;"/>
    <property name="java.vm.vendor" value="Oracle Corporation"/>
    <property name="sun.arch.data.model" value="64"/>
    <property name="user.variant" value=""/>
    <property name="java.vendor.url" value="http://java.oracle.com/"/>
    <property name="user.timezone" value="Asia/Calcutta"/>
    <property name="java.vm.specification.version" value="1.8"/>
    <property name="os.name" value="Windows 10"/>
    <property name="user.country" value="US"/>
    <property name="sun.java.launcher" value="SUN_STANDARD"/>
    <property name="sun.boot.library.path" value="C:\Program Files\Java\jdk1.8.0_181\jre\bin"/>
    <property name="sun.java.command" value="C:\Users\lenovo\AppData\Local\Temp\surefire6380862021194696420\surefirebooter1504474473208728354.jar C:\Users\lenovo\AppData\Local\Temp\surefire6380862021194696420 2022-02-02T20-29-37_190-jvmRun1 surefire1357650418734080587tmp surefire_04920795703628779336tmp"/>
    <property name="surefire.test.class.path" value="C:\Users\lenovo\Assignments\uiapitests\target\test-classes;C:\Users\lenovo\Assignments\uiapitests\target\classes;C:\Users\skanda\.m2\repository\io\cucumber\cucumber-java\5.2.0\cucumber-java-5.2.0.jar;C:\Users\skanda\.m2\repository\io\cucumber\cucumber-core\5.2.0\cucumber-core-5.2.0.jar;C:\Users\skanda\.m2\repository\io\cucumber\cucumber-gherkin\5.2.0\cucumber-gherkin-5.2.0.jar;C:\Users\skanda\.m2\repository\io\cucumber\cucumber-gherkin-vintage\5.2.0\cucumber-gherkin-vintage-5.2.0.jar;C:\Users\skanda\.m2\repository\io\cucumber\tag-expressions\2.0.4\tag-expressions-2.0.4.jar;C:\Users\skanda\.m2\repository\io\cucumber\cucumber-expressions\8.3.1\cucumber-expressions-8.3.1.jar;C:\Users\skanda\.m2\repository\io\cucumber\datatable\3.3.0\datatable-3.3.0.jar;C:\Users\skanda\.m2\repository\io\cucumber\cucumber-plugin\5.2.0\cucumber-plugin-5.2.0.jar;C:\Users\skanda\.m2\repository\io\cucumber\docstring\5.2.0\docstring-5.2.0.jar;C:\Users\skanda\.m2\repository\org\apiguardian\apiguardian-api\1.1.0\apiguardian-api-1.1.0.jar;C:\Users\skanda\.m2\repository\io\cucumber\cucumber-jvm-deps\1.0.6\cucumber-jvm-deps-1.0.6.jar;C:\Users\skanda\.m2\repository\io\cucumber\cucumber-junit\5.2.0\cucumber-junit-5.2.0.jar;C:\Users\skanda\.m2\repository\org\seleniumhq\selenium\selenium-java\4.1.1\selenium-java-4.1.1.jar;C:\Users\skanda\.m2\repository\org\seleniumhq\selenium\selenium-api\4.1.1\selenium-api-4.1.1.jar;C:\Users\skanda\.m2\repository\org\seleniumhq\selenium\selenium-chrome-driver\4.1.1\selenium-chrome-driver-4.1.1.jar;C:\Users\skanda\.m2\repository\com\google\auto\service\auto-service-annotations\1.0.1\auto-service-annotations-1.0.1.jar;C:\Users\skanda\.m2\repository\com\google\auto\service\auto-service\1.0.1\auto-service-1.0.1.jar;C:\Users\skanda\.m2\repository\com\google\auto\auto-common\1.2\auto-common-1.2.jar;C:\Users\skanda\.m2\repository\com\google\guava\guava\31.0.1-jre\guava-31.0.1-jre.jar;C:\Users\skanda\.m2\repository\com\google\guava\failureaccess\1.0.1\failureaccess-1.0.1.jar;C:\Users\skanda\.m2\repository\com\google\guava\listenablefuture\9999.0-empty-to-avoid-conflict-with-guava\listenablefuture-9999.0-empty-to-avoid-conflict-with-guava.jar;C:\Users\skanda\.m2\repository\com\google\code\findbugs\jsr305\3.0.2\jsr305-3.0.2.jar;C:\Users\skanda\.m2\repository\org\checkerframework\checker-qual\3.12.0\checker-qual-3.12.0.jar;C:\Users\skanda\.m2\repository\com\google\errorprone\error_prone_annotations\2.7.1\error_prone_annotations-2.7.1.jar;C:\Users\skanda\.m2\repository\com\google\j2objc\j2objc-annotations\1.3\j2objc-annotations-1.3.jar;C:\Users\skanda\.m2\repository\org\seleniumhq\selenium\selenium-chromium-driver\4.1.1\selenium-chromium-driver-4.1.1.jar;C:\Users\skanda\.m2\repository\org\seleniumhq\selenium\selenium-json\4.1.1\selenium-json-4.1.1.jar;C:\Users\skanda\.m2\repository\org\seleniumhq\selenium\selenium-devtools-v85\4.1.1\selenium-devtools-v85-4.1.1.jar;C:\Users\skanda\.m2\repository\org\seleniumhq\selenium\selenium-devtools-v94\4.1.1\selenium-devtools-v94-4.1.1.jar;C:\Users\skanda\.m2\repository\org\seleniumhq\selenium\selenium-devtools-v95\4.1.1\selenium-devtools-v95-4.1.1.jar;C:\Users\skanda\.m2\repository\org\seleniumhq\selenium\selenium-devtools-v96\4.1.1\selenium-devtools-v96-4.1.1.jar;C:\Users\skanda\.m2\repository\org\seleniumhq\selenium\selenium-edge-driver\4.1.1\selenium-edge-driver-4.1.1.jar;C:\Users\skanda\.m2\repository\org\seleniumhq\selenium\selenium-firefox-driver\4.1.1\selenium-firefox-driver-4.1.1.jar;C:\Users\skanda\.m2\repository\org\seleniumhq\selenium\selenium-firefox-xpi-driver\4.1.1\selenium-firefox-xpi-driver-4.1.1.jar;C:\Users\skanda\.m2\repository\org\seleniumhq\selenium\selenium-ie-driver\4.1.1\selenium-ie-driver-4.1.1.jar;C:\Users\skanda\.m2\repository\org\seleniumhq\selenium\selenium-opera-driver\4.1.1\selenium-opera-driver-4.1.1.jar;C:\Users\skanda\.m2\repository\org\seleniumhq\selenium\selenium-remote-driver\4.1.1\selenium-remote-driver-4.1.1.jar;C:\Users\skanda\.m2\repository\com\beust\jcommander\1.81\jcommander-1.81.jar;C:\Users\skanda\.m2\repository\io\netty\netty-buffer\4.1.70.Final\netty-buffer-4.1.70.Final.jar;C:\Users\skanda\.m2\repository\io\netty\netty-codec-http\4.1.70.Final\netty-codec-http-4.1.70.Final.jar;C:\Users\skanda\.m2\repository\io\netty\netty-codec\4.1.70.Final\netty-codec-4.1.70.Final.jar;C:\Users\skanda\.m2\repository\io\netty\netty-handler\4.1.70.Final\netty-handler-4.1.70.Final.jar;C:\Users\skanda\.m2\repository\io\netty\netty-common\4.1.70.Final\netty-common-4.1.70.Final.jar;C:\Users\skanda\.m2\repository\io\netty\netty-transport-classes-epoll\4.1.70.Final\netty-transport-classes-epoll-4.1.70.Final.jar;C:\Users\skanda\.m2\repository\io\netty\netty-transport-classes-kqueue\4.1.70.Final\netty-transport-classes-kqueue-4.1.70.Final.jar;C:\Users\skanda\.m2\repository\io\netty\netty-transport-native-unix-common\4.1.70.Final\netty-transport-native-unix-common-4.1.70.Final.jar;C:\Users\skanda\.m2\repository\io\netty\netty-transport\4.1.70.Final\netty-transport-4.1.70.Final.jar;C:\Users\skanda\.m2\repository\io\netty\netty-resolver\4.1.70.Final\netty-resolver-4.1.70.Final.jar;C:\Users\skanda\.m2\repository\io\opentelemetry\opentelemetry-api\1.9.1\opentelemetry-api-1.9.1.jar;C:\Users\skanda\.m2\repository\io\opentelemetry\opentelemetry-context\1.9.1\opentelemetry-context-1.9.1.jar;C:\Users\skanda\.m2\repository\io\opentelemetry\opentelemetry-exporter-logging\1.9.1\opentelemetry-exporter-logging-1.9.1.jar;C:\Users\skanda\.m2\repository\io\opentelemetry\opentelemetry-sdk-metrics\1.9.1-alpha\opentelemetry-sdk-metrics-1.9.1-alpha.jar;C:\Users\skanda\.m2\repository\io\opentelemetry\opentelemetry-sdk-logs\1.9.1-alpha\opentelemetry-sdk-logs-1.9.1-alpha.jar;C:\Users\skanda\.m2\repository\com\fasterxml\jackson\core\jackson-databind\2.13.0\jackson-databind-2.13.0.jar;C:\Users\skanda\.m2\repository\com\fasterxml\jackson\core\jackson-annotations\2.13.0\jackson-annotations-2.13.0.jar;C:\Users\skanda\.m2\repository\com\fasterxml\jackson\core\jackson-core\2.13.0\jackson-core-2.13.0.jar;C:\Users\skanda\.m2\repository\io\opentelemetry\opentelemetry-sdk-common\1.9.1\opentelemetry-sdk-common-1.9.1.jar;C:\Users\skanda\.m2\repository\io\opentelemetry\opentelemetry-sdk-extension-autoconfigure-spi\1.9.1\opentelemetry-sdk-extension-autoconfigure-spi-1.9.1.jar;C:\Users\skanda\.m2\repository\io\opentelemetry\opentelemetry-sdk-extension-autoconfigure\1.9.1-alpha\opentelemetry-sdk-extension-autoconfigure-1.9.1-alpha.jar;C:\Users\skanda\.m2\repository\io\opentelemetry\opentelemetry-sdk-trace\1.9.1\opentelemetry-sdk-trace-1.9.1.jar;C:\Users\skanda\.m2\repository\io\opentelemetry\opentelemetry-api-metrics\1.9.1-alpha\opentelemetry-api-metrics-1.9.1-alpha.jar;C:\Users\skanda\.m2\repository\io\opentelemetry\opentelemetry-sdk\1.9.1\opentelemetry-sdk-1.9.1.jar;C:\Users\skanda\.m2\repository\io\opentelemetry\opentelemetry-semconv\1.9.1-alpha\opentelemetry-semconv-1.9.1-alpha.jar;C:\Users\skanda\.m2\repository\io\ous\jtoml\2.0.0\jtoml-2.0.0.jar;C:\Users\skanda\.m2\repository\net\bytebuddy\byte-buddy\1.12.2\byte-buddy-1.12.2.jar;C:\Users\skanda\.m2\repository\org\apache\commons\commons-exec\1.3\commons-exec-1.3.jar;C:\Users\skanda\.m2\repository\org\asynchttpclient\async-http-client\2.12.3\async-http-client-2.12.3.jar;C:\Users\skanda\.m2\repository\org\asynchttpclient\async-http-client-netty-utils\2.12.3\async-http-client-netty-utils-2.12.3.jar;C:\Users\skanda\.m2\repository\io\netty\netty-codec-socks\4.1.60.Final\netty-codec-socks-4.1.60.Final.jar;C:\Users\skanda\.m2\repository\io\netty\netty-handler-proxy\4.1.60.Final\netty-handler-proxy-4.1.60.Final.jar;C:\Users\skanda\.m2\repository\io\netty\netty-transport-native-epoll\4.1.60.Final\netty-transport-native-epoll-4.1.60.Final-linux-x86_64.jar;C:\Users\skanda\.m2\repository\io\netty\netty-transport-native-kqueue\4.1.60.Final\netty-transport-native-kqueue-4.1.60.Final-osx-x86_64.jar;C:\Users\skanda\.m2\repository\org\reactivestreams\reactive-streams\1.0.3\reactive-streams-1.0.3.jar;C:\Users\skanda\.m2\repository\com\typesafe\netty\netty-reactive-streams\2.0.4\netty-reactive-streams-2.0.4.jar;C:\Users\skanda\.m2\repository\org\slf4j\slf4j-api\1.7.30\slf4j-api-1.7.30.jar;C:\Users\skanda\.m2\repository\com\sun\activation\jakarta.activation\1.2.2\jakarta.activation-1.2.2.jar;C:\Users\skanda\.m2\repository\org\seleniumhq\selenium\selenium-http\4.1.1\selenium-http-4.1.1.jar;C:\Users\skanda\.m2\repository\net\jodah\failsafe\2.4.4\failsafe-2.4.4.jar;C:\Users\skanda\.m2\repository\org\seleniumhq\selenium\selenium-safari-driver\4.1.1\selenium-safari-driver-4.1.1.jar;C:\Users\skanda\.m2\repository\org\seleniumhq\selenium\selenium-support\4.1.1\selenium-support-4.1.1.jar;C:\Users\skanda\.m2\repository\io\rest-assured\rest-assured\4.2.0\rest-assured-4.2.0.jar;C:\Users\skanda\.m2\repository\org\codehaus\groovy\groovy\2.5.8\groovy-2.5.8.jar;C:\Users\skanda\.m2\repository\org\codehaus\groovy\groovy-xml\2.5.8\groovy-xml-2.5.8.jar;C:\Users\skanda\.m2\repository\org\apache\httpcomponents\httpclient\4.5.3\httpclient-4.5.3.jar;C:\Users\skanda\.m2\repository\org\apache\httpcomponents\httpcore\4.4.6\httpcore-4.4.6.jar;C:\Users\skanda\.m2\repository\commons-logging\commons-logging\1.2\commons-logging-1.2.jar;C:\Users\skanda\.m2\repository\commons-codec\commons-codec\1.9\commons-codec-1.9.jar;C:\Users\skanda\.m2\repository\org\apache\httpcomponents\httpmime\4.5.3\httpmime-4.5.3.jar;C:\Users\skanda\.m2\repository\org\hamcrest\hamcrest\2.1\hamcrest-2.1.jar;C:\Users\skanda\.m2\repository\org\ccil\cowan\tagsoup\tagsoup\1.2.1\tagsoup-1.2.1.jar;C:\Users\skanda\.m2\repository\io\rest-assured\json-path\4.2.0\json-path-4.2.0.jar;C:\Users\skanda\.m2\repository\org\codehaus\groovy\groovy-json\2.5.8\groovy-json-2.5.8.jar;C:\Users\skanda\.m2\repository\io\rest-assured\rest-assured-common\4.2.0\rest-assured-common-4.2.0.jar;C:\Users\skanda\.m2\repository\io\rest-assured\xml-path\4.2.0\xml-path-4.2.0.jar;C:\Users\skanda\.m2\repository\org\apache\commons\commons-lang3\3.4\commons-lang3-3.4.jar;C:\Users\skanda\.m2\repository\jakarta\xml\bind\jakarta.xml.bind-api\2.3.2\jakarta.xml.bind-api-2.3.2.jar;C:\Users\skanda\.m2\repository\jakarta\activation\jakarta.activation-api\1.2.1\jakarta.activation-api-1.2.1.jar;C:\Users\skanda\.m2\repository\com\sun\xml\bind\jaxb-osgi\2.3.0.1\jaxb-osgi-2.3.0.1.jar;C:\Users\skanda\.m2\repository\org\apache\sling\org.apache.sling.javax.activation\0.1.0\org.apache.sling.javax.activation-0.1.0.jar;C:\Users\skanda\.m2\repository\javax\activation\activation\1.1.1\activation-1.1.1.jar;C:\Users\skanda\.m2\repository\junit\junit\4.13\junit-4.13.jar;C:\Users\skanda\.m2\repository\org\hamcrest\hamcrest-core\1.3\hamcrest-core-1.3.jar;"/>
    <property name="sun.cpu.endian" value="little"/>
    <property name="user.home" value="C:\Users\lenovo"/>
    <property name="user.language" value="en"/>
    <property name="java.specification.vendor" value="Oracle Corporation"/>
    <property name="java.home" value="C:\Program Files\Java\jdk1.8.0_181\jre"/>
    <property name="basedir" value="C:\Users\lenovo\Assignments\uiapitests"/>
    <property name="file.separator" value="\"/>
    <property name="line.separator" value="&#10;"/>
    <property name="java.vm.specification.vendor" value="Oracle Corporation"/>
    <property name="java.specification.name" value="Java Platform API Specification"/>
    <property name="java.awt.graphicsenv" value="sun.awt.Win32GraphicsEnvironment"/>
    <property name="surefire.real.class.path" value="C:\Users\lenovo\AppData\Local\Temp\surefire6380862021194696420\surefirebooter1504474473208728354.jar"/>
    <property name="sun.boot.class.path" value="C:\Program Files\Java\jdk1.8.0_181\jre\lib\resources.jar;C:\Program Files\Java\jdk1.8.0_181\jre\lib\rt.jar;C:\Program Files\Java\jdk1.8.0_181\jre\lib\sunrsasign.jar;C:\Program Files\Java\jdk1.8.0_181\jre\lib\jsse.jar;C:\Program Files\Java\jdk1.8.0_181\jre\lib\jce.jar;C:\Program Files\Java\jdk1.8.0_181\jre\lib\charsets.jar;C:\Program Files\Java\jdk1.8.0_181\jre\lib\jfr.jar;C:\Program Files\Java\jdk1.8.0_181\jre\classes"/>
    <property name="user.script" value=""/>
    <property name="sun.management.compiler" value="HotSpot 64-Bit Tiered Compilers"/>
    <property name="java.runtime.version" value="1.8.0_181-b13"/>
    <property name="user.name" value="lenovo"/>
    <property name="path.separator" value=";"/>
    <property name="os.version" value="10.0"/>
    <property name="java.endorsed.dirs" value="C:\Program Files\Java\jdk1.8.0_181\jre\lib\endorsed"/>
    <property name="java.runtime.name" value="Java(TM) SE Runtime Environment"/>
    <property name="file.encoding" value="Cp1252"/>
    <property name="java.vm.name" value="Java HotSpot(TM) 64-Bit Server VM"/>
    <property name="localRepository" value="C:\Users\skanda\.m2\repository"/>
    <property name="java.vendor.url.bug" value="http://bugreport.sun.com/bugreport/"/>
    <property name="java.io.tmpdir" value="C:\Users\lenovo\AppData\Local\Temp\"/>
    <property name="java.version" value="1.8.0_181"/>
    <property name="user.dir" value="C:\Users\lenovo\Assignments\uiapitests"/>
    <property name="os.arch" value="amd64"/>
    <property name="java.vm.specification.name" value="Java Virtual Machine Specification"/>
    <property name="java.awt.printerjob" value="sun.awt.windows.WPrinterJob"/>
    <property name="sun.os.patch.level" value=""/>
    <property name="java.library.path" value="C:\Program Files\Java\jdk1.8.0_181\jre\bin;C:\WINDOWS\Sun\Java\bin;C:\WINDOWS\system32;C:\WINDOWS;C:\pik\;C:\Program Files (x86)\Common Files\Oracle\Java\javapath;C:\WINDOWS\system32;C:\WINDOWS;C:\WINDOWS\System32\Wbem;C:\WINDOWS\System32\WindowsPowerShell\v1.0\;C:\WINDOWS\System32\OpenSSH\;C:\Program Files\Java\jdk1.8.0_181\bin;C:\Users\lenovo\AppData\Local\Programs\Python\Python37;C:\Users\lenovo\AppData\Local\Android\Sdk\platform-tools\;C:\Program Files\PuTTY\;C:\Users\lenovo\AppData\Local\Programs\Python\Python37\Scripts;C:\Users\lenovo\AppData\Roaming\nvm;C:\Program Files\nodejs;C:\Users\lenovo\AppData\Local\Android\Sdk\tools;C:\Users\lenovo\AppData\Local\Android\Sdk\build-tools\27.0.3;C:\Program Files\apache-maven-3.6.3\bin;C:\Program Files (x86)\Jenkins\;C:\Program Files\Microsoft SQL Server\130\Tools\Binn\;%CATALINA_HOME%\bin;D:\Jmeter_PDFs\Learning\apache-jmeter-5.3\bin;C:\Program Files\nodejs\;C:\Ruby27-x64\bin;C:\Users\lenovo\Anaconda3;C:\Users\lenovo\Anaconda3\Scripts;C:\Program Files\dotnet\;C:\Program Files\Git\cmd;C:\Users\lenovo\AppData\Local\Microsoft\WindowsApps;C:\Users\lenovo\AppData\Local\Programs\Microsoft VS Code\bin;C:\Program Files\JetBrains\RubyMine 2018.3.5\bin;;C:\Users\lenovo\AppData\Roaming\nvm;C:\Program Files\nodejs;C:\Program Files\JetBrains\PyCharm Community Edition 2019.2.2\bin;;C:\Users\lenovo\AppData\Roaming\npm;C:\Users\lenovo\.dotnet\tools;;."/>
    <property name="java.vm.info" value="mixed mode"/>
    <property name="java.vendor" value="Oracle Corporation"/>
    <property name="java.vm.version" value="25.181-b13"/>
    <property name="java.ext.dirs" value="C:\Program Files\Java\jdk1.8.0_181\jre\lib\ext;C:\WINDOWS\Sun\Java\lib\ext"/>
    <property name="sun.io.unicode.encoding" value="UnicodeLittle"/>
    <property name="java.class.version" value="52.0"/>
  </properties>
  <testcase name="User has an invalid or no API key" classname="Unauthorized user is restricted from getting weather information with longitude and latitude" time="0">
    <system-out><![CDATA[
@WeatherByInvalidOrMissingAPIKey
Scenario Outline: Unauthorized user is restricted from getting weather information with longitude and latitude # src/test/resources/apiTests/Negative_Tests.feature:12
]]></system-out>
  </testcase>
  <testcase name="requests current weather data for a 35 and 139" classname="Unauthorized user is restricted from getting weather information with longitude and latitude" time="0.35">
    <system-out><![CDATA[  Given User has an invalid or no API key                                                                      # apiStepDefinitions.Steps.user_has_an_invalid_or_no_API_key()
]]></system-out>
  </testcase>
  <testcase name="relevant error message is retrieved" classname="Unauthorized user is restricted from getting weather information with longitude and latitude" time="0.025">
    <system-out><![CDATA[  When requests current weather data for a 35 and 139                                                          # apiStepDefinitions.Steps.requests_current_weather_data_for_a_latitude_and_longitude(java.lang.Integer,java.lang.Integer)
]]></system-out>
  </testcase>
  <testcase name="" classname="Unauthorized user is restricted from getting weather information with longitude and latitude" time="0.052">
    <system-out><![CDATA[  Then relevant error message is retrieved                                                                     # apiStepDefinitions.Steps.relevant_error_message_is_retrieved()
]]></system-out>
  </testcase>
  <testcase name="User has an API key" classname="Authorized user is restricted from getting weather information with only latitude" time="0">
    <system-out><![CDATA[
@WeatherByLatitudeOnly
Scenario Outline: Authorized user is restricted from getting weather information with only latitude # src/test/resources/apiTests/Negative_Tests.feature:23
]]></system-out>
  </testcase>
  <testcase name="requests current weather data by passing only 35" classname="Authorized user is restricted from getting weather information with only latitude" time="0.452">
    <system-out><![CDATA[  Given User has an API key                                                                         # apiStepDefinitions.Steps.user_has_an_API_key()
]]></system-out>
  </testcase>
  <testcase name="relevant error message is retrieved" classname="Authorized user is restricted from getting weather information with only latitude" time="0.044">
    <system-out><![CDATA[  When requests current weather data by passing only 35                                             # apiStepDefinitions.Steps.requests_current_weather_data_by_passing_only(java.lang.Integer)
]]></system-out>
  </testcase>
  <testcase name="" classname="Authorized user is restricted from getting weather information with only latitude" time="0.058">
    <system-out><![CDATA[  Then relevant error message is retrieved                                                          # apiStepDefinitions.Steps.relevant_error_message_is_retrieved()
]]></system-out>
  </testcase>
  <testcase name="User has an API key" classname="Authorized user is restricted from getting weather information with an invalid zip or country code" time="0">
    <system-out><![CDATA[
@WeatherByInvalidZipCodeOrCountryCode
Scenario Outline: Authorized user is restricted from getting weather information with an invalid zip or country code # src/test/resources/apiTests/Negative_Tests.feature:33
]]></system-out>
  </testcase>
  <testcase name="requests current weather data for a 909090 and &quot;IN&quot;" classname="Authorized user is restricted from getting weather information with an invalid zip or country code" time="0.437">
    <system-out><![CDATA[  Given User has an API key                                                                                          # apiStepDefinitions.Steps.user_has_an_API_key()
]]></system-out>
  </testcase>
  <testcase name="relevant error message is retrieved" classname="Authorized user is restricted from getting weather information with an invalid zip or country code" time="0.042">
    <system-out><![CDATA[  When requests current weather data for a 909090 and "IN"                                                           # apiStepDefinitions.Steps.requests_current_weather_data_for_a_and(java.lang.Integer,java.lang.String)
]]></system-out>
  </testcase>
  <testcase name="" classname="Authorized user is restricted from getting weather information with an invalid zip or country code" time="0.067">
    <system-out><![CDATA[  Then relevant error message is retrieved                                                                           # apiStepDefinitions.Steps.relevant_error_message_is_retrieved()
]]></system-out>
  </testcase>
  <testcase name="User has an API key" classname="Authorized user is restricted from getting weather information with an invalid city name" time="0">
    <system-out><![CDATA[
@WeatherByInvalidCityName
Scenario Outline: Authorized user is restricted from getting weather information with an invalid city name # src/test/resources/apiTests/Negative_Tests.feature:43
]]></system-out>
  </testcase>
  <testcase name="requests current weather data for a &quot;Invalid city&quot;" classname="Authorized user is restricted from getting weather information with an invalid city name" time="0.446">
    <system-out><![CDATA[  Given User has an API key                                                                                # apiStepDefinitions.Steps.user_has_an_API_key()
]]></system-out>
  </testcase>
  <testcase name="relevant error message is retrieved" classname="Authorized user is restricted from getting weather information with an invalid city name" time="0.057">
    <system-out><![CDATA[  When requests current weather data for a "Invalid city"                                                  # apiStepDefinitions.Steps.requests_current_weather_data_for_a_London(java.lang.String)
]]></system-out>
  </testcase>
  <testcase name="" classname="Authorized user is restricted from getting weather information with an invalid city name" time="0.114">
    <system-out><![CDATA[  Then relevant error message is retrieved                                                                 # apiStepDefinitions.Steps.relevant_error_message_is_retrieved()
]]></system-out>
  </testcase>
  <testcase name="User has an API key" classname="Authorized user is restricted from getting weather information with an invalid city ID" time="0">
    <system-out><![CDATA[
@WeatherByInvalidCityId
Scenario Outline: Authorized user is restricted from getting weather information with an invalid city ID # src/test/resources/apiTests/Negative_Tests.feature:53
]]></system-out>
  </testcase>
  <testcase name="requests current weather data for a 010" classname="Authorized user is restricted from getting weather information with an invalid city ID" time="0.445">
    <system-out><![CDATA[  Given User has an API key                                                                              # apiStepDefinitions.Steps.user_has_an_API_key()
]]></system-out>
  </testcase>
  <testcase name="relevant error message is retrieved" classname="Authorized user is restricted from getting weather information with an invalid city ID" time="0.028">
    <system-out><![CDATA[  When requests current weather data for a 010                                                           # apiStepDefinitions.Steps.requests_current_weather_data_for_a(java.lang.Integer)
]]></system-out>
  </testcase>
  <testcase name="" classname="Authorized user is restricted from getting weather information with an invalid city ID" time="0.038">
    <system-out><![CDATA[  Then relevant error message is retrieved                                                               # apiStepDefinitions.Steps.relevant_error_message_is_retrieved()
]]></system-out>
  </testcase>
  <testcase name="User has an API key" classname="Authorized user is able to get current weather information with longitude and latitude" time="0">
    <system-out><![CDATA[
@WeatherByLatitudeLongitude
Scenario Outline: Authorized user is able to get current weather information with longitude and latitude # src/test/resources/apiTests/Positive_Tests.feature:11
]]></system-out>
  </testcase>
  <testcase name="requests current weather data for a 35 and 139" classname="Authorized user is able to get current weather information with longitude and latitude" time="0.555">
    <system-out><![CDATA[  Given User has an API key                                                                              # apiStepDefinitions.Steps.user_has_an_API_key()
]]></system-out>
  </testcase>
  <testcase name="relevant weather data is retrieved" classname="Authorized user is able to get current weather information with longitude and latitude" time="0">
    <system-out><![CDATA[  When requests current weather data for a 35 and 139                                                    # apiStepDefinitions.Steps.requests_current_weather_data_for_a_latitude_and_longitude(java.lang.Integer,java.lang.Integer)
]]></system-out>
  </testcase>
  <testcase name="" classname="Authorized user is able to get current weather information with longitude and latitude" time="0.013">
    <system-out><![CDATA[  Then relevant weather data is retrieved                                                                # apiStepDefinitions.Steps.relevant_weather_data_is_retrieved()
]]></system-out>
  </testcase>
  <testcase name="User has an API key" classname="Authorized user is able to get current weather information with a valid city name" time="0.001">
    <system-out><![CDATA[
@WeatherByCityName
Scenario Outline: Authorized user is able to get current weather information with a valid city name # src/test/resources/apiTests/Positive_Tests.feature:21
]]></system-out>
  </testcase>
  <testcase name="requests current weather data for a &quot;London&quot;" classname="Authorized user is able to get current weather information with a valid city name" time="0.408">
    <system-out><![CDATA[  Given User has an API key                                                                         # apiStepDefinitions.Steps.user_has_an_API_key()
]]></system-out>
  </testcase>
  <testcase name="relevant weather data is retrieved matching the city" classname="Authorized user is able to get current weather information with a valid city name" time="0.003">
    <system-out><![CDATA[  When requests current weather data for a "London"                                                 # apiStepDefinitions.Steps.requests_current_weather_data_for_a_London(java.lang.String)
]]></system-out>
  </testcase>
  <testcase name="" classname="Authorized user is able to get current weather information with a valid city name" time="0.038">
    <system-out><![CDATA[  Then relevant weather data is retrieved matching the city                                         # apiStepDefinitions.Steps.relevant_weather_data_is_retrieved_matching_the_city()
]]></system-out>
  </testcase>
  <testcase name="User has an API key" classname="Authorized user is able to get current weather information with a valid city name and country code" time="0">
    <system-out><![CDATA[
@WeatherByCityNameAndCountryCode
Scenario Outline: Authorized user is able to get current weather information with a valid city name and country code # src/test/resources/apiTests/Positive_Tests.feature:31
]]></system-out>
  </testcase>
  <testcase name="requests current weather data for a &quot;London&quot; and &quot;GB&quot;" classname="Authorized user is able to get current weather information with a valid city name and country code" time="0.465">
    <system-out><![CDATA[  Given User has an API key                                                                                          # apiStepDefinitions.Steps.user_has_an_API_key()
]]></system-out>
  </testcase>
  <testcase name="relevant weather data is retrieved matching the city and country code" classname="Authorized user is able to get current weather information with a valid city name and country code" time="0">
    <system-out><![CDATA[  When requests current weather data for a "London" and "GB"                                                         # apiStepDefinitions.Steps.requests_current_weather_data_for_a_and(java.lang.String,java.lang.String)
]]></system-out>
  </testcase>
  <testcase name="" classname="Authorized user is able to get current weather information with a valid city name and country code" time="0.014">
    <system-out><![CDATA[  Then relevant weather data is retrieved matching the city and country code                                         # apiStepDefinitions.Steps.relevant_weather_data_is_retrieved_matching_the_city_and_country_code()
]]></system-out>
  </testcase>
  <testcase name="User has an API key" classname="Authorized user is able to get current weather information with a valid zip and country code" time="0">
    <system-out><![CDATA[
@WeatherByZipCodeAndCountryCode
Scenario Outline: Authorized user is able to get current weather information with a valid zip and country code # src/test/resources/apiTests/Positive_Tests.feature:41
]]></system-out>
  </testcase>
  <testcase name="requests current weather data for a 560079 and &quot;IN&quot;" classname="Authorized user is able to get current weather information with a valid zip and country code" time="0.451">
    <system-out><![CDATA[  Given User has an API key                                                                                    # apiStepDefinitions.Steps.user_has_an_API_key()
]]></system-out>
  </testcase>
  <testcase name="relevant weather data is retrieved matching the zip and country code" classname="Authorized user is able to get current weather information with a valid zip and country code" time="0">
    <system-out><![CDATA[  When requests current weather data for a 560079 and "IN"                                                     # apiStepDefinitions.Steps.requests_current_weather_data_for_a_and(java.lang.Integer,java.lang.String)
]]></system-out>
  </testcase>
  <testcase name="" classname="Authorized user is able to get current weather information with a valid zip and country code" time="0.024">
    <system-out><![CDATA[  Then relevant weather data is retrieved matching the zip and country code                                    # apiStepDefinitions.Steps.relevant_weather_data_is_retrieved_matching_the_zip_and_country_code()
]]></system-out>
  </testcase>
  <testcase name="User has an API key" classname="Authorized user is able to get current weather information with a valid city ID" time="0">
    <system-out><![CDATA[
@WeatherByCityId
Scenario Outline: Authorized user is able to get current weather information with a valid city ID # src/test/resources/apiTests/Positive_Tests.feature:51
]]></system-out>
  </testcase>
  <testcase name="requests current weather data for a 2172797" classname="Authorized user is able to get current weather information with a valid city ID" time="0.441">
    <system-out><![CDATA[  Given User has an API key                                                                       # apiStepDefinitions.Steps.user_has_an_API_key()
]]></system-out>
  </testcase>
  <testcase name="relevant weather data is retrieved matching the city id" classname="Authorized user is able to get current weather information with a valid city ID" time="0">
    <system-out><![CDATA[  When requests current weather data for a 2172797                                                # apiStepDefinitions.Steps.requests_current_weather_data_for_a(java.lang.Integer)
]]></system-out>
  </testcase>
  <testcase name="" classname="Authorized user is able to get current weather information with a valid city ID" time="0.009">
    <system-out><![CDATA[  Then relevant weather data is retrieved matching the city id                                    # apiStepDefinitions.Steps.relevant_weather_data_is_retrieved_matching_the_city_id()
]]></system-out>
  </testcase>
</testsuite>