<?xml version="1.0" encoding="UTF-8"?>
<testsuite xmlns:xsi="http://www.w3.org/2001/XMLSchema-instance" xsi:noNamespaceSchemaLocation="https://maven.apache.org/surefire/maven-surefire-plugin/xsd/surefire-test-report-3.0.xsd" version="3.0" name="apiRunner.API_Test_Runner" time="20.646" tests="40" errors="0" skipped="0" failures="0">
  <properties>
    <property name="sun.desktop" value="windows"/>
    <property name="awt.toolkit" value="sun.awt.windows.WToolkit"/>
    <property name="file.encoding.pkg" value="sun.io"/>
    <property name="java.specification.version" value="1.8"/>
    <property name="sun.cpu.isalist" value="amd64"/>
    <property name="sun.jnu.encoding" value="Cp1252"/>
    <property name="java.class.path" value="C:\Users\lenovo\Assignments\uiapitests\target\test-classes;C:\Users\lenovo\Assignments\uiapitests\target\classes;C:\Users\skanda\.m2\repository\io\cucumber\cucumber-java\5.2.0\cucumber-java-5.2.0.jar;C:\Users\skanda\.m2\repository\io\cucumber\cucumber-core\5.2.0\cucumber-core-5.2.0.jar;C:\Users\skanda\.m2\repository\io\cucumber\cucumber-gherkin\5.2.0\cucumber-gherkin-5.2.0.jar;C:\Users\skanda\.m2\repository\io\cucumber\cucumber-gherkin-vintage\5.2.0\cucumber-gherkin-vintage-5.2.0.jar;C:\Users\skanda\.m2\repository\io\cucumber\tag-expressions\2.0.4\tag-expressions-2.0.4.jar;C:\Users\skanda\.m2\repository\io\cucumber\cucumber-expressions\8.3.1\cucumber-expressions-8.3.1.jar;C:\Users\skanda\.m2\repository\io\cucumber\datatable\3.3.0\datatable-3.3.0.jar;C:\Users\skanda\.m2\repository\io\cucumber\cucumber-plugin\5.2.0\cucumber-plugin-5.2.0.jar;C:\Users\skanda\.m2\repository\io\cucumber\docstring\5.2.0\docstring-5.2.0.jar;C:\Users\skanda\.m2\repository\org\apiguardian\apiguardian-api\1.1.0\apiguardian-api-1.1.0.jar;C:\Users\skanda\.m2\repository\io\cucumber\cucumber-jvm-deps\1.0.6\cucumber-jvm-deps-1.0.6.jar;C:\Users\skanda\.m2\repository\io\cucumber\cucumber-junit\5.2.0\cucumber-junit-5.2.0.jar;C:\Users\skanda\.m2\repository\io\github\bonigarcia\webdrivermanager\4.2.0\webdrivermanager-4.2.0.jar;C:\Users\skanda\.m2\repository\org\slf4j\slf4j-api\1.7.30\slf4j-api-1.7.30.jar;C:\Users\skanda\.m2\repository\commons-io\commons-io\2.7\commons-io-2.7.jar;C:\Users\skanda\.m2\repository\com\google\code\gson\gson\2.8.6\gson-2.8.6.jar;C:\Users\skanda\.m2\repository\org\apache\commons\commons-lang3\3.11\commons-lang3-3.11.jar;C:\Users\skanda\.m2\repository\org\apache\httpcomponents\client5\httpclient5\5.0.1\httpclient5-5.0.1.jar;C:\Users\skanda\.m2\repository\org\apache\httpcomponents\core5\httpcore5\5.0.1\httpcore5-5.0.1.jar;C:\Users\skanda\.m2\repository\org\apache\httpcomponents\core5\httpcore5-h2\5.0.1\httpcore5-h2-5.0.1.jar;C:\Users\skanda\.m2\repository\commons-codec\commons-codec\1.13\commons-codec-1.13.jar;C:\Users\skanda\.m2\repository\org\rauschig\jarchivelib\1.0.0\jarchivelib-1.0.0.jar;C:\Users\skanda\.m2\repository\org\apache\commons\commons-compress\1.18\commons-compress-1.18.jar;C:\Users\skanda\.m2\repository\org\jsoup\jsoup\1.13.1\jsoup-1.13.1.jar;C:\Users\skanda\.m2\repository\org\seleniumhq\selenium\selenium-java\4.0.0\selenium-java-4.0.0.jar;C:\Users\skanda\.m2\repository\org\seleniumhq\selenium\selenium-api\4.0.0\selenium-api-4.0.0.jar;C:\Users\skanda\.m2\repository\org\seleniumhq\selenium\selenium-chrome-driver\4.0.0\selenium-chrome-driver-4.0.0.jar;C:\Users\skanda\.m2\repository\com\google\auto\service\auto-service-annotations\1.0\auto-service-annotations-1.0.jar;C:\Users\skanda\.m2\repository\com\google\auto\service\auto-service\1.0\auto-service-1.0.jar;C:\Users\skanda\.m2\repository\com\google\auto\auto-common\1.0\auto-common-1.0.jar;C:\Users\skanda\.m2\repository\com\google\guava\guava\31.0.1-jre\guava-31.0.1-jre.jar;C:\Users\skanda\.m2\repository\com\google\guava\failureaccess\1.0.1\failureaccess-1.0.1.jar;C:\Users\skanda\.m2\repository\com\google\guava\listenablefuture\9999.0-empty-to-avoid-conflict-with-guava\listenablefuture-9999.0-empty-to-avoid-conflict-with-guava.jar;C:\Users\skanda\.m2\repository\com\google\code\findbugs\jsr305\3.0.2\jsr305-3.0.2.jar;C:\Users\skanda\.m2\repository\org\checkerframework\checker-qual\3.12.0\checker-qual-3.12.0.jar;C:\Users\skanda\.m2\repository\com\google\errorprone\error_prone_annotations\2.7.1\error_prone_annotations-2.7.1.jar;C:\Users\skanda\.m2\repository\com\google\j2objc\j2objc-annotations\1.3\j2objc-annotations-1.3.jar;C:\Users\skanda\.m2\repository\org\seleniumhq\selenium\selenium-chromium-driver\4.0.0\selenium-chromium-driver-4.0.0.jar;C:\Users\skanda\.m2\repository\org\seleniumhq\selenium\selenium-json\4.0.0\selenium-json-4.0.0.jar;C:\Users\skanda\.m2\repository\org\seleniumhq\selenium\selenium-devtools-v85\4.0.0\selenium-devtools-v85-4.0.0.jar;C:\Users\skanda\.m2\repository\org\seleniumhq\selenium\selenium-devtools-v93\4.0.0\selenium-devtools-v93-4.0.0.jar;C:\Users\skanda\.m2\repository\org\seleniumhq\selenium\selenium-devtools-v94\4.0.0\selenium-devtools-v94-4.0.0.jar;C:\Users\skanda\.m2\repository\org\seleniumhq\selenium\selenium-devtools-v95\4.0.0\selenium-devtools-v95-4.0.0.jar;C:\Users\skanda\.m2\repository\org\seleniumhq\selenium\selenium-edge-driver\4.0.0\selenium-edge-driver-4.0.0.jar;C:\Users\skanda\.m2\repository\org\seleniumhq\selenium\selenium-firefox-driver\4.0.0\selenium-firefox-driver-4.0.0.jar;C:\Users\skanda\.m2\repository\org\seleniumhq\selenium\selenium-firefox-xpi-driver\4.0.0\selenium-firefox-xpi-driver-4.0.0.jar;C:\Users\skanda\.m2\repository\org\seleniumhq\selenium\selenium-ie-driver\4.0.0\selenium-ie-driver-4.0.0.jar;C:\Users\skanda\.m2\repository\org\seleniumhq\selenium\selenium-opera-driver\4.0.0\selenium-opera-driver-4.0.0.jar;C:\Users\skanda\.m2\repository\org\seleniumhq\selenium\selenium-remote-driver\4.0.0\selenium-remote-driver-4.0.0.jar;C:\Users\skanda\.m2\repository\com\beust\jcommander\1.81\jcommander-1.81.jar;C:\Users\skanda\.m2\repository\io\netty\netty-buffer\4.1.68.Final\netty-buffer-4.1.68.Final.jar;C:\Users\skanda\.m2\repository\io\netty\netty-codec-http\4.1.67.Final\netty-codec-http-4.1.67.Final.jar;C:\Users\skanda\.m2\repository\io\netty\netty-codec\4.1.67.Final\netty-codec-4.1.67.Final.jar;C:\Users\skanda\.m2\repository\io\netty\netty-handler\4.1.67.Final\netty-handler-4.1.67.Final.jar;C:\Users\skanda\.m2\repository\io\netty\netty-common\4.1.68.Final\netty-common-4.1.68.Final.jar;C:\Users\skanda\.m2\repository\io\netty\netty-transport-native-epoll\4.1.67.Final\netty-transport-native-epoll-4.1.67.Final.jar;C:\Users\skanda\.m2\repository\io\netty\netty-transport-native-kqueue\4.1.67.Final\netty-transport-native-kqueue-4.1.67.Final.jar;C:\Users\skanda\.m2\repository\io\netty\netty-transport-native-unix-common\4.1.67.Final\netty-transport-native-unix-common-4.1.67.Final.jar;C:\Users\skanda\.m2\repository\io\netty\netty-transport\4.1.68.Final\netty-transport-4.1.68.Final.jar;C:\Users\skanda\.m2\repository\io\netty\netty-resolver\4.1.68.Final\netty-resolver-4.1.68.Final.jar;C:\Users\skanda\.m2\repository\io\opentelemetry\opentelemetry-api\1.6.0\opentelemetry-api-1.6.0.jar;C:\Users\skanda\.m2\repository\io\opentelemetry\opentelemetry-context\1.6.0\opentelemetry-context-1.6.0.jar;C:\Users\skanda\.m2\repository\io\opentelemetry\opentelemetry-exporter-logging\1.6.0\opentelemetry-exporter-logging-1.6.0.jar;C:\Users\skanda\.m2\repository\io\opentelemetry\opentelemetry-sdk-metrics\1.6.0-alpha\opentelemetry-sdk-metrics-1.6.0-alpha.jar;C:\Users\skanda\.m2\repository\io\opentelemetry\opentelemetry-sdk-common\1.6.0\opentelemetry-sdk-common-1.6.0.jar;C:\Users\skanda\.m2\repository\io\opentelemetry\opentelemetry-sdk-extension-autoconfigure-spi\1.6.0\opentelemetry-sdk-extension-autoconfigure-spi-1.6.0.jar;C:\Users\skanda\.m2\repository\io\opentelemetry\opentelemetry-sdk-extension-autoconfigure\1.6.0-alpha\opentelemetry-sdk-extension-autoconfigure-1.6.0-alpha.jar;C:\Users\skanda\.m2\repository\io\opentelemetry\opentelemetry-sdk-trace\1.6.0\opentelemetry-sdk-trace-1.6.0.jar;C:\Users\skanda\.m2\repository\io\opentelemetry\opentelemetry-api-metrics\1.6.0-alpha\opentelemetry-api-metrics-1.6.0-alpha.jar;C:\Users\skanda\.m2\repository\io\opentelemetry\opentelemetry-sdk\1.6.0\opentelemetry-sdk-1.6.0.jar;C:\Users\skanda\.m2\repository\io\opentelemetry\opentelemetry-semconv\1.6.0-alpha\opentelemetry-semconv-1.6.0-alpha.jar;C:\Users\skanda\.m2\repository\io\ous\jtoml\2.0.0\jtoml-2.0.0.jar;C:\Users\skanda\.m2\repository\net\bytebuddy\byte-buddy\1.11.19\byte-buddy-1.11.19.jar;C:\Users\skanda\.m2\repository\org\apache\commons\commons-exec\1.3\commons-exec-1.3.jar;C:\Users\skanda\.m2\repository\org\asynchttpclient\async-http-client\2.12.3\async-http-client-2.12.3.jar;C:\Users\skanda\.m2\repository\org\asynchttpclient\async-http-client-netty-utils\2.12.3\async-http-client-netty-utils-2.12.3.jar;C:\Users\skanda\.m2\repository\io\netty\netty-codec-socks\4.1.60.Final\netty-codec-socks-4.1.60.Final.jar;C:\Users\skanda\.m2\repository\io\netty\netty-handler-proxy\4.1.60.Final\netty-handler-proxy-4.1.60.Final.jar;C:\Users\skanda\.m2\repository\io\netty\netty-transport-native-epoll\4.1.60.Final\netty-transport-native-epoll-4.1.60.Final-linux-x86_64.jar;C:\Users\skanda\.m2\repository\io\netty\netty-transport-native-kqueue\4.1.60.Final\netty-transport-native-kqueue-4.1.60.Final-osx-x86_64.jar;C:\Users\skanda\.m2\repository\org\reactivestreams\reactive-streams\1.0.3\reactive-streams-1.0.3.jar;C:\Users\skanda\.m2\repository\com\typesafe\netty\netty-reactive-streams\2.0.4\netty-reactive-streams-2.0.4.jar;C:\Users\skanda\.m2\repository\com\sun\activation\jakarta.activation\1.2.2\jakarta.activation-1.2.2.jar;C:\Users\skanda\.m2\repository\org\seleniumhq\selenium\selenium-http\4.0.0\selenium-http-4.0.0.jar;C:\Users\skanda\.m2\repository\org\seleniumhq\selenium\selenium-safari-driver\4.0.0\selenium-safari-driver-4.0.0.jar;C:\Users\skanda\.m2\repository\org\seleniumhq\selenium\selenium-support\4.0.0\selenium-support-4.0.0.jar;C:\Users\skanda\.m2\repository\io\rest-assured\rest-assured\4.2.0\rest-assured-4.2.0.jar;C:\Users\skanda\.m2\repository\org\codehaus\groovy\groovy\2.5.8\groovy-2.5.8.jar;C:\Users\skanda\.m2\repository\org\codehaus\groovy\groovy-xml\2.5.8\groovy-xml-2.5.8.jar;C:\Users\skanda\.m2\repository\org\apache\httpcomponents\httpclient\4.5.3\httpclient-4.5.3.jar;C:\Users\skanda\.m2\repository\org\apache\httpcomponents\httpcore\4.4.6\httpcore-4.4.6.jar;C:\Users\skanda\.m2\repository\commons-logging\commons-logging\1.2\commons-logging-1.2.jar;C:\Users\skanda\.m2\repository\org\apache\httpcomponents\httpmime\4.5.3\httpmime-4.5.3.jar;C:\Users\skanda\.m2\repository\org\hamcrest\hamcrest\2.1\hamcrest-2.1.jar;C:\Users\skanda\.m2\repository\org\ccil\cowan\tagsoup\tagsoup\1.2.1\tagsoup-1.2.1.jar;C:\Users\skanda\.m2\repository\io\rest-assured\json-path\4.2.0\json-path-4.2.0.jar;C:\Users\skanda\.m2\repository\org\codehaus\groovy\groovy-json\2.5.8\groovy-json-2.5.8.jar;C:\Users\skanda\.m2\repository\io\rest-assured\rest-assured-common\4.2.0\rest-assured-common-4.2.0.jar;C:\Users\skanda\.m2\repository\io\rest-assured\xml-path\4.2.0\xml-path-4.2.0.jar;C:\Users\skanda\.m2\repository\jakarta\xml\bind\jakarta.xml.bind-api\2.3.2\jakarta.xml.bind-api-2.3.2.jar;C:\Users\skanda\.m2\repository\jakarta\activation\jakarta.activation-api\1.2.1\jakarta.activation-api-1.2.1.jar;C:\Users\skanda\.m2\repository\com\sun\xml\bind\jaxb-osgi\2.3.0.1\jaxb-osgi-2.3.0.1.jar;C:\Users\skanda\.m2\repository\org\apache\sling\org.apache.sling.javax.activation\0.1.0\org.apache.sling.javax.activation-0.1.0.jar;C:\Users\skanda\.m2\repository\javax\activation\activation\1.1.1\activation-1.1.1.jar;C:\Users\skanda\.m2\repository\junit\junit\4.13\junit-4.13.jar;C:\Users\skanda\.m2\repository\org\hamcrest\hamcrest-core\1.3\hamcrest-core-1.3.jar;"/>
    <property name="java.vm.vendor" value="Oracle Corporation"/>
    <property name="sun.arch.data.model" value="64"/>
    <property name="user.variant" value=""/>
    <property name="java.vendor.url" value="http://java.oracle.com/"/>
    <property name="user.timezone" value="Asia/Calcutta"/>
    <property name="java.vm.specification.version" value="1.8"/>
    <property name="os.name" value="Windows 10"/>
    <property name="user.country" value="US"/>
    <property name="sun.java.launcher" value="SUN_STANDARD"/>
    <property name="sun.boot.library.path" value="C:\Program Files\Java\jdk1.8.0_181\jre\bin"/>
    <property name="sun.java.command" value="C:\Users\lenovo\AppData\Local\Temp\surefire5158934644148973583\surefirebooter6898366439889747162.jar C:\Users\lenovo\AppData\Local\Temp\surefire5158934644148973583 2022-02-06T18-22-44_689-jvmRun1 surefire8806299151984754657tmp surefire_08198473044387928637tmp"/>
    <property name="surefire.test.class.path" value="C:\Users\lenovo\Assignments\uiapitests\target\test-classes;C:\Users\lenovo\Assignments\uiapitests\target\classes;C:\Users\skanda\.m2\repository\io\cucumber\cucumber-java\5.2.0\cucumber-java-5.2.0.jar;C:\Users\skanda\.m2\repository\io\cucumber\cucumber-core\5.2.0\cucumber-core-5.2.0.jar;C:\Users\skanda\.m2\repository\io\cucumber\cucumber-gherkin\5.2.0\cucumber-gherkin-5.2.0.jar;C:\Users\skanda\.m2\repository\io\cucumber\cucumber-gherkin-vintage\5.2.0\cucumber-gherkin-vintage-5.2.0.jar;C:\Users\skanda\.m2\repository\io\cucumber\tag-expressions\2.0.4\tag-expressions-2.0.4.jar;C:\Users\skanda\.m2\repository\io\cucumber\cucumber-expressions\8.3.1\cucumber-expressions-8.3.1.jar;C:\Users\skanda\.m2\repository\io\cucumber\datatable\3.3.0\datatable-3.3.0.jar;C:\Users\skanda\.m2\repository\io\cucumber\cucumber-plugin\5.2.0\cucumber-plugin-5.2.0.jar;C:\Users\skanda\.m2\repository\io\cucumber\docstring\5.2.0\docstring-5.2.0.jar;C:\Users\skanda\.m2\repository\org\apiguardian\apiguardian-api\1.1.0\apiguardian-api-1.1.0.jar;C:\Users\skanda\.m2\repository\io\cucumber\cucumber-jvm-deps\1.0.6\cucumber-jvm-deps-1.0.6.jar;C:\Users\skanda\.m2\repository\io\cucumber\cucumber-junit\5.2.0\cucumber-junit-5.2.0.jar;C:\Users\skanda\.m2\repository\io\github\bonigarcia\webdrivermanager\4.2.0\webdrivermanager-4.2.0.jar;C:\Users\skanda\.m2\repository\org\slf4j\slf4j-api\1.7.30\slf4j-api-1.7.30.jar;C:\Users\skanda\.m2\repository\commons-io\commons-io\2.7\commons-io-2.7.jar;C:\Users\skanda\.m2\repository\com\google\code\gson\gson\2.8.6\gson-2.8.6.jar;C:\Users\skanda\.m2\repository\org\apache\commons\commons-lang3\3.11\commons-lang3-3.11.jar;C:\Users\skanda\.m2\repository\org\apache\httpcomponents\client5\httpclient5\5.0.1\httpclient5-5.0.1.jar;C:\Users\skanda\.m2\repository\org\apache\httpcomponents\core5\httpcore5\5.0.1\httpcore5-5.0.1.jar;C:\Users\skanda\.m2\repository\org\apache\httpcomponents\core5\httpcore5-h2\5.0.1\httpcore5-h2-5.0.1.jar;C:\Users\skanda\.m2\repository\commons-codec\commons-codec\1.13\commons-codec-1.13.jar;C:\Users\skanda\.m2\repository\org\rauschig\jarchivelib\1.0.0\jarchivelib-1.0.0.jar;C:\Users\skanda\.m2\repository\org\apache\commons\commons-compress\1.18\commons-compress-1.18.jar;C:\Users\skanda\.m2\repository\org\jsoup\jsoup\1.13.1\jsoup-1.13.1.jar;C:\Users\skanda\.m2\repository\org\seleniumhq\selenium\selenium-java\4.0.0\selenium-java-4.0.0.jar;C:\Users\skanda\.m2\repository\org\seleniumhq\selenium\selenium-api\4.0.0\selenium-api-4.0.0.jar;C:\Users\skanda\.m2\repository\org\seleniumhq\selenium\selenium-chrome-driver\4.0.0\selenium-chrome-driver-4.0.0.jar;C:\Users\skanda\.m2\repository\com\google\auto\service\auto-service-annotations\1.0\auto-service-annotations-1.0.jar;C:\Users\skanda\.m2\repository\com\google\auto\service\auto-service\1.0\auto-service-1.0.jar;C:\Users\skanda\.m2\repository\com\google\auto\auto-common\1.0\auto-common-1.0.jar;C:\Users\skanda\.m2\repository\com\google\guava\guava\31.0.1-jre\guava-31.0.1-jre.jar;C:\Users\skanda\.m2\repository\com\google\guava\failureaccess\1.0.1\failureaccess-1.0.1.jar;C:\Users\skanda\.m2\repository\com\google\guava\listenablefuture\9999.0-empty-to-avoid-conflict-with-guava\listenablefuture-9999.0-empty-to-avoid-conflict-with-guava.jar;C:\Users\skanda\.m2\repository\com\google\code\findbugs\jsr305\3.0.2\jsr305-3.0.2.jar;C:\Users\skanda\.m2\repository\org\checkerframework\checker-qual\3.12.0\checker-qual-3.12.0.jar;C:\Users\skanda\.m2\repository\com\google\errorprone\error_prone_annotations\2.7.1\error_prone_annotations-2.7.1.jar;C:\Users\skanda\.m2\repository\com\google\j2objc\j2objc-annotations\1.3\j2objc-annotations-1.3.jar;C:\Users\skanda\.m2\repository\org\seleniumhq\selenium\selenium-chromium-driver\4.0.0\selenium-chromium-driver-4.0.0.jar;C:\Users\skanda\.m2\repository\org\seleniumhq\selenium\selenium-json\4.0.0\selenium-json-4.0.0.jar;C:\Users\skanda\.m2\repository\org\seleniumhq\selenium\selenium-devtools-v85\4.0.0\selenium-devtools-v85-4.0.0.jar;C:\Users\skanda\.m2\repository\org\seleniumhq\selenium\selenium-devtools-v93\4.0.0\selenium-devtools-v93-4.0.0.jar;C:\Users\skanda\.m2\repository\org\seleniumhq\selenium\selenium-devtools-v94\4.0.0\selenium-devtools-v94-4.0.0.jar;C:\Users\skanda\.m2\repository\org\seleniumhq\selenium\selenium-devtools-v95\4.0.0\selenium-devtools-v95-4.0.0.jar;C:\Users\skanda\.m2\repository\org\seleniumhq\selenium\selenium-edge-driver\4.0.0\selenium-edge-driver-4.0.0.jar;C:\Users\skanda\.m2\repository\org\seleniumhq\selenium\selenium-firefox-driver\4.0.0\selenium-firefox-driver-4.0.0.jar;C:\Users\skanda\.m2\repository\org\seleniumhq\selenium\selenium-firefox-xpi-driver\4.0.0\selenium-firefox-xpi-driver-4.0.0.jar;C:\Users\skanda\.m2\repository\org\seleniumhq\selenium\selenium-ie-driver\4.0.0\selenium-ie-driver-4.0.0.jar;C:\Users\skanda\.m2\repository\org\seleniumhq\selenium\selenium-opera-driver\4.0.0\selenium-opera-driver-4.0.0.jar;C:\Users\skanda\.m2\repository\org\seleniumhq\selenium\selenium-remote-driver\4.0.0\selenium-remote-driver-4.0.0.jar;C:\Users\skanda\.m2\repository\com\beust\jcommander\1.81\jcommander-1.81.jar;C:\Users\skanda\.m2\repository\io\netty\netty-buffer\4.1.68.Final\netty-buffer-4.1.68.Final.jar;C:\Users\skanda\.m2\repository\io\netty\netty-codec-http\4.1.67.Final\netty-codec-http-4.1.67.Final.jar;C:\Users\skanda\.m2\repository\io\netty\netty-codec\4.1.67.Final\netty-codec-4.1.67.Final.jar;C:\Users\skanda\.m2\repository\io\netty\netty-handler\4.1.67.Final\netty-handler-4.1.67.Final.jar;C:\Users\skanda\.m2\repository\io\netty\netty-common\4.1.68.Final\netty-common-4.1.68.Final.jar;C:\Users\skanda\.m2\repository\io\netty\netty-transport-native-epoll\4.1.67.Final\netty-transport-native-epoll-4.1.67.Final.jar;C:\Users\skanda\.m2\repository\io\netty\netty-transport-native-kqueue\4.1.67.Final\netty-transport-native-kqueue-4.1.67.Final.jar;C:\Users\skanda\.m2\repository\io\netty\netty-transport-native-unix-common\4.1.67.Final\netty-transport-native-unix-common-4.1.67.Final.jar;C:\Users\skanda\.m2\repository\io\netty\netty-transport\4.1.68.Final\netty-transport-4.1.68.Final.jar;C:\Users\skanda\.m2\repository\io\netty\netty-resolver\4.1.68.Final\netty-resolver-4.1.68.Final.jar;C:\Users\skanda\.m2\repository\io\opentelemetry\opentelemetry-api\1.6.0\opentelemetry-api-1.6.0.jar;C:\Users\skanda\.m2\repository\io\opentelemetry\opentelemetry-context\1.6.0\opentelemetry-context-1.6.0.jar;C:\Users\skanda\.m2\repository\io\opentelemetry\opentelemetry-exporter-logging\1.6.0\opentelemetry-exporter-logging-1.6.0.jar;C:\Users\skanda\.m2\repository\io\opentelemetry\opentelemetry-sdk-metrics\1.6.0-alpha\opentelemetry-sdk-metrics-1.6.0-alpha.jar;C:\Users\skanda\.m2\repository\io\opentelemetry\opentelemetry-sdk-common\1.6.0\opentelemetry-sdk-common-1.6.0.jar;C:\Users\skanda\.m2\repository\io\opentelemetry\opentelemetry-sdk-extension-autoconfigure-spi\1.6.0\opentelemetry-sdk-extension-autoconfigure-spi-1.6.0.jar;C:\Users\skanda\.m2\repository\io\opentelemetry\opentelemetry-sdk-extension-autoconfigure\1.6.0-alpha\opentelemetry-sdk-extension-autoconfigure-1.6.0-alpha.jar;C:\Users\skanda\.m2\repository\io\opentelemetry\opentelemetry-sdk-trace\1.6.0\opentelemetry-sdk-trace-1.6.0.jar;C:\Users\skanda\.m2\repository\io\opentelemetry\opentelemetry-api-metrics\1.6.0-alpha\opentelemetry-api-metrics-1.6.0-alpha.jar;C:\Users\skanda\.m2\repository\io\opentelemetry\opentelemetry-sdk\1.6.0\opentelemetry-sdk-1.6.0.jar;C:\Users\skanda\.m2\repository\io\opentelemetry\opentelemetry-semconv\1.6.0-alpha\opentelemetry-semconv-1.6.0-alpha.jar;C:\Users\skanda\.m2\repository\io\ous\jtoml\2.0.0\jtoml-2.0.0.jar;C:\Users\skanda\.m2\repository\net\bytebuddy\byte-buddy\1.11.19\byte-buddy-1.11.19.jar;C:\Users\skanda\.m2\repository\org\apache\commons\commons-exec\1.3\commons-exec-1.3.jar;C:\Users\skanda\.m2\repository\org\asynchttpclient\async-http-client\2.12.3\async-http-client-2.12.3.jar;C:\Users\skanda\.m2\repository\org\asynchttpclient\async-http-client-netty-utils\2.12.3\async-http-client-netty-utils-2.12.3.jar;C:\Users\skanda\.m2\repository\io\netty\netty-codec-socks\4.1.60.Final\netty-codec-socks-4.1.60.Final.jar;C:\Users\skanda\.m2\repository\io\netty\netty-handler-proxy\4.1.60.Final\netty-handler-proxy-4.1.60.Final.jar;C:\Users\skanda\.m2\repository\io\netty\netty-transport-native-epoll\4.1.60.Final\netty-transport-native-epoll-4.1.60.Final-linux-x86_64.jar;C:\Users\skanda\.m2\repository\io\netty\netty-transport-native-kqueue\4.1.60.Final\netty-transport-native-kqueue-4.1.60.Final-osx-x86_64.jar;C:\Users\skanda\.m2\repository\org\reactivestreams\reactive-streams\1.0.3\reactive-streams-1.0.3.jar;C:\Users\skanda\.m2\repository\com\typesafe\netty\netty-reactive-streams\2.0.4\netty-reactive-streams-2.0.4.jar;C:\Users\skanda\.m2\repository\com\sun\activation\jakarta.activation\1.2.2\jakarta.activation-1.2.2.jar;C:\Users\skanda\.m2\repository\org\seleniumhq\selenium\selenium-http\4.0.0\selenium-http-4.0.0.jar;C:\Users\skanda\.m2\repository\org\seleniumhq\selenium\selenium-safari-driver\4.0.0\selenium-safari-driver-4.0.0.jar;C:\Users\skanda\.m2\repository\org\seleniumhq\selenium\selenium-support\4.0.0\selenium-support-4.0.0.jar;C:\Users\skanda\.m2\repository\io\rest-assured\rest-assured\4.2.0\rest-assured-4.2.0.jar;C:\Users\skanda\.m2\repository\org\codehaus\groovy\groovy\2.5.8\groovy-2.5.8.jar;C:\Users\skanda\.m2\repository\org\codehaus\groovy\groovy-xml\2.5.8\groovy-xml-2.5.8.jar;C:\Users\skanda\.m2\repository\org\apache\httpcomponents\httpclient\4.5.3\httpclient-4.5.3.jar;C:\Users\skanda\.m2\repository\org\apache\httpcomponents\httpcore\4.4.6\httpcore-4.4.6.jar;C:\Users\skanda\.m2\repository\commons-logging\commons-logging\1.2\commons-logging-1.2.jar;C:\Users\skanda\.m2\repository\org\apache\httpcomponents\httpmime\4.5.3\httpmime-4.5.3.jar;C:\Users\skanda\.m2\repository\org\hamcrest\hamcrest\2.1\hamcrest-2.1.jar;C:\Users\skanda\.m2\repository\org\ccil\cowan\tagsoup\tagsoup\1.2.1\tagsoup-1.2.1.jar;C:\Users\skanda\.m2\repository\io\rest-assured\json-path\4.2.0\json-path-4.2.0.jar;C:\Users\skanda\.m2\repository\org\codehaus\groovy\groovy-json\2.5.8\groovy-json-2.5.8.jar;C:\Users\skanda\.m2\repository\io\rest-assured\rest-assured-common\4.2.0\rest-assured-common-4.2.0.jar;C:\Users\skanda\.m2\repository\io\rest-assured\xml-path\4.2.0\xml-path-4.2.0.jar;C:\Users\skanda\.m2\repository\jakarta\xml\bind\jakarta.xml.bind-api\2.3.2\jakarta.xml.bind-api-2.3.2.jar;C:\Users\skanda\.m2\repository\jakarta\activation\jakarta.activation-api\1.2.1\jakarta.activation-api-1.2.1.jar;C:\Users\skanda\.m2\repository\com\sun\xml\bind\jaxb-osgi\2.3.0.1\jaxb-osgi-2.3.0.1.jar;C:\Users\skanda\.m2\repository\org\apache\sling\org.apache.sling.javax.activation\0.1.0\org.apache.sling.javax.activation-0.1.0.jar;C:\Users\skanda\.m2\repository\javax\activation\activation\1.1.1\activation-1.1.1.jar;C:\Users\skanda\.m2\repository\junit\junit\4.13\junit-4.13.jar;C:\Users\skanda\.m2\repository\org\hamcrest\hamcrest-core\1.3\hamcrest-core-1.3.jar;"/>
    <property name="sun.cpu.endian" value="little"/>
    <property name="user.home" value="C:\Users\lenovo"/>
    <property name="user.language" value="en"/>
    <property name="java.specification.vendor" value="Oracle Corporation"/>
    <property name="java.home" value="C:\Program Files\Java\jdk1.8.0_181\jre"/>
    <property name="basedir" value="C:\Users\lenovo\Assignments\uiapitests"/>
    <property name="file.separator" value="\"/>
    <property name="line.separator" value="&#10;"/>
    <property name="java.vm.specification.vendor" value="Oracle Corporation"/>
    <property name="java.specification.name" value="Java Platform API Specification"/>
    <property name="java.awt.graphicsenv" value="sun.awt.Win32GraphicsEnvironment"/>
    <property name="surefire.real.class.path" value="C:\Users\lenovo\AppData\Local\Temp\surefire5158934644148973583\surefirebooter6898366439889747162.jar"/>
    <property name="sun.boot.class.path" value="C:\Program Files\Java\jdk1.8.0_181\jre\lib\resources.jar;C:\Program Files\Java\jdk1.8.0_181\jre\lib\rt.jar;C:\Program Files\Java\jdk1.8.0_181\jre\lib\sunrsasign.jar;C:\Program Files\Java\jdk1.8.0_181\jre\lib\jsse.jar;C:\Program Files\Java\jdk1.8.0_181\jre\lib\jce.jar;C:\Program Files\Java\jdk1.8.0_181\jre\lib\charsets.jar;C:\Program Files\Java\jdk1.8.0_181\jre\lib\jfr.jar;C:\Program Files\Java\jdk1.8.0_181\jre\classes"/>
    <property name="user.script" value=""/>
    <property name="sun.management.compiler" value="HotSpot 64-Bit Tiered Compilers"/>
    <property name="java.runtime.version" value="1.8.0_181-b13"/>
    <property name="user.name" value="lenovo"/>
    <property name="path.separator" value=";"/>
    <property name="os.version" value="10.0"/>
    <property name="java.endorsed.dirs" value="C:\Program Files\Java\jdk1.8.0_181\jre\lib\endorsed"/>
    <property name="java.runtime.name" value="Java(TM) SE Runtime Environment"/>
    <property name="file.encoding" value="Cp1252"/>
    <property name="java.vm.name" value="Java HotSpot(TM) 64-Bit Server VM"/>
    <property name="localRepository" value="C:\Users\skanda\.m2\repository"/>
    <property name="java.vendor.url.bug" value="http://bugreport.sun.com/bugreport/"/>
    <property name="java.io.tmpdir" value="C:\Users\lenovo\AppData\Local\Temp\"/>
    <property name="java.version" value="1.8.0_181"/>
    <property name="user.dir" value="C:\Users\lenovo\Assignments\uiapitests"/>
    <property name="os.arch" value="amd64"/>
    <property name="java.vm.specification.name" value="Java Virtual Machine Specification"/>
    <property name="java.awt.printerjob" value="sun.awt.windows.WPrinterJob"/>
    <property name="sun.os.patch.level" value=""/>
    <property name="java.library.path" value="C:\Program Files\Java\jdk1.8.0_181\jre\bin;C:\WINDOWS\Sun\Java\bin;C:\WINDOWS\system32;C:\WINDOWS;C:\pik\;C:\Program Files (x86)\Common Files\Oracle\Java\javapath;C:\WINDOWS\system32;C:\WINDOWS;C:\WINDOWS\System32\Wbem;C:\WINDOWS\System32\WindowsPowerShell\v1.0\;C:\WINDOWS\System32\OpenSSH\;C:\Program Files\Java\jdk1.8.0_181\bin;C:\Users\lenovo\AppData\Local\Programs\Python\Python37;C:\Users\lenovo\AppData\Local\Android\Sdk\platform-tools\;C:\Program Files\PuTTY\;C:\Users\lenovo\AppData\Local\Programs\Python\Python37\Scripts;C:\Users\lenovo\AppData\Roaming\nvm;C:\Program Files\nodejs;C:\Users\lenovo\AppData\Local\Android\Sdk\tools;C:\Users\lenovo\AppData\Local\Android\Sdk\build-tools\27.0.3;C:\Program Files\apache-maven-3.6.3\bin;C:\Program Files (x86)\Jenkins\;C:\Program Files\Microsoft SQL Server\130\Tools\Binn\;%CATALINA_HOME%\bin;D:\Jmeter_PDFs\Learning\apache-jmeter-5.3\bin;C:\Program Files\nodejs\;C:\Ruby27-x64\bin;C:\Users\lenovo\Anaconda3;C:\Users\lenovo\Anaconda3\Scripts;C:\Program Files\dotnet\;C:\Program Files\Git\cmd;C:\Users\lenovo\AppData\Local\Microsoft\WindowsApps;C:\Users\lenovo\AppData\Local\Programs\Microsoft VS Code\bin;C:\Program Files\JetBrains\RubyMine 2018.3.5\bin;C:\Program Files\JetBrains\PyCharm Community Edition 2019.2.2\bin;C:\Users\lenovo\AppData\Roaming\npm;C:\Users\lenovo\.dotnet\tools;."/>
    <property name="java.vm.info" value="mixed mode"/>
    <property name="java.vendor" value="Oracle Corporation"/>
    <property name="java.vm.version" value="25.181-b13"/>
    <property name="java.ext.dirs" value="C:\Program Files\Java\jdk1.8.0_181\jre\lib\ext;C:\WINDOWS\Sun\Java\lib\ext"/>
    <property name="sun.io.unicode.encoding" value="UnicodeLittle"/>
    <property name="java.class.version" value="52.0"/>
  </properties>
  <testcase name="User has an invalid or no API key" classname="Unauthorized user is restricted from getting weather information with longitude and latitude" time="0.002">
    <system-out><![CDATA[
@APITest @WeatherByInvalidOrMissingAPIKey
Scenario Outline: Unauthorized user is restricted from getting weather information with longitude and latitude # src/test/resources/apiTests/NegativeTests.feature:13
]]></system-out>
  </testcase>
  <testcase name="user requests current weather data for a 35 and 139" classname="Unauthorized user is restricted from getting weather information with longitude and latitude" time="11.004">
    <system-out><![CDATA[  Given User has an invalid or no API key                                                                      # apiStepDefinitions.Steps.userHasAnInvalidOrNoAPIKey()
]]></system-out>
  </testcase>
  <testcase name="error message &quot;Invalid API key&quot; with error code 401  is retrieved" classname="Unauthorized user is restricted from getting weather information with longitude and latitude" time="2.107">
    <system-out><![CDATA[  When user requests current weather data for a 35 and 139                                                     # apiStepDefinitions.Steps.requestsCurrentWeatherDataForALatitudeAndLongitude(java.lang.Integer,java.lang.Integer)
]]></system-out>
  </testcase>
  <testcase name="" classname="Unauthorized user is restricted from getting weather information with longitude and latitude" time="2.201">
    <system-out><![CDATA[  Then error message "Invalid API key" with error code 401  is retrieved                                       # apiStepDefinitions.Steps.error_messageWithErrorCodeIsRetrieved(java.lang.String,java.lang.Integer)
]]></system-out>
  </testcase>
  <testcase name="User has an API key" classname="Authorized user is restricted from getting weather information with only latitude" time="0">
    <system-out><![CDATA[
@APITest @WeatherByLatitudeOnly
Scenario Outline: Authorized user is restricted from getting weather information with only latitude # src/test/resources/apiTests/NegativeTests.feature:24
]]></system-out>
  </testcase>
  <testcase name="user requests current weather data by passing only 35" classname="Authorized user is restricted from getting weather information with only latitude" time="0.448">
    <system-out><![CDATA[  Given User has an API key                                                                         # apiStepDefinitions.Steps.userHasAnAPIKey()
]]></system-out>
  </testcase>
  <testcase name="error message &quot;Nothing to geocode&quot; with error code 400  is retrieved" classname="Authorized user is restricted from getting weather information with only latitude" time="0.011">
    <system-out><![CDATA[  When user requests current weather data by passing only 35                                        # apiStepDefinitions.Steps.requestsCurrentWeatherDataByPassingOnlyLatitude(java.lang.Integer)
]]></system-out>
  </testcase>
  <testcase name="" classname="Authorized user is restricted from getting weather information with only latitude" time="0.056">
    <system-out><![CDATA[  Then error message "Nothing to geocode" with error code 400  is retrieved                         # apiStepDefinitions.Steps.error_messageWithErrorCodeIsRetrieved(java.lang.String,java.lang.Integer)
]]></system-out>
  </testcase>
  <testcase name="User has an API key" classname="Authorized user is restricted from getting weather information with an invalid zip or country code" time="0">
    <system-out><![CDATA[
@APITest @WeatherByInvalidZipCodeOrCountryCode
Scenario Outline: Authorized user is restricted from getting weather information with an invalid zip or country code # src/test/resources/apiTests/NegativeTests.feature:34
]]></system-out>
  </testcase>
  <testcase name="user requests current weather data for a 909090 and &quot;IN&quot;" classname="Authorized user is restricted from getting weather information with an invalid zip or country code" time="0.852">
    <system-out><![CDATA[  Given User has an API key                                                                                          # apiStepDefinitions.Steps.userHasAnAPIKey()
]]></system-out>
  </testcase>
  <testcase name="error message &quot;city not found&quot; with error code 404  is retrieved" classname="Authorized user is restricted from getting weather information with an invalid zip or country code" time="0.003">
    <system-out><![CDATA[  When user requests current weather data for a 909090 and "IN"                                                      # apiStepDefinitions.Steps.requestsCurrentWeatherDataForAZipCodeAndCountryCode(java.lang.Integer,java.lang.String)
]]></system-out>
  </testcase>
  <testcase name="" classname="Authorized user is restricted from getting weather information with an invalid zip or country code" time="0.081">
    <system-out><![CDATA[  Then error message "city not found" with error code 404  is retrieved                                              # apiStepDefinitions.Steps.error_messageWithErrorCodeIsRetrieved(java.lang.String,java.lang.Integer)
]]></system-out>
  </testcase>
  <testcase name="User has an API key" classname="Authorized user is restricted from getting weather information with an invalid city name" time="0">
    <system-out><![CDATA[
@APITest @WeatherByInvalidCityName
Scenario Outline: Authorized user is restricted from getting weather information with an invalid city name # src/test/resources/apiTests/NegativeTests.feature:44
]]></system-out>
  </testcase>
  <testcase name="user requests current weather data for a &quot;Invalid city&quot;" classname="Authorized user is restricted from getting weather information with an invalid city name" time="0.778">
    <system-out><![CDATA[  Given User has an API key                                                                                # apiStepDefinitions.Steps.userHasAnAPIKey()
]]></system-out>
  </testcase>
  <testcase name="error message &quot;city not found&quot; with error code 404  is retrieved" classname="Authorized user is restricted from getting weather information with an invalid city name" time="0.023">
    <system-out><![CDATA[  When user requests current weather data for a "Invalid city"                                             # apiStepDefinitions.Steps.requestsCurrentWeatherDataForACity(java.lang.String)
]]></system-out>
  </testcase>
  <testcase name="" classname="Authorized user is restricted from getting weather information with an invalid city name" time="0.048">
    <system-out><![CDATA[  Then error message "city not found" with error code 404  is retrieved                                    # apiStepDefinitions.Steps.error_messageWithErrorCodeIsRetrieved(java.lang.String,java.lang.Integer)
]]></system-out>
  </testcase>
  <testcase name="User has an API key" classname="Authorized user is restricted from getting weather information with an invalid city ID" time="0">
    <system-out><![CDATA[
@APITest @WeatherByInvalidCityId
Scenario Outline: Authorized user is restricted from getting weather information with an invalid city ID # src/test/resources/apiTests/NegativeTests.feature:54
]]></system-out>
  </testcase>
  <testcase name="user requests current weather data for a 010" classname="Authorized user is restricted from getting weather information with an invalid city ID" time="0.438">
    <system-out><![CDATA[  Given User has an API key                                                                              # apiStepDefinitions.Steps.userHasAnAPIKey()
]]></system-out>
  </testcase>
  <testcase name="error message &quot;city not found&quot; with error code 404  is retrieved" classname="Authorized user is restricted from getting weather information with an invalid city ID" time="0.009">
    <system-out><![CDATA[  When user requests current weather data for a 010                                                      # apiStepDefinitions.Steps.requestsCurrentWeatherDataForACity(java.lang.Integer)
]]></system-out>
  </testcase>
  <testcase name="" classname="Authorized user is restricted from getting weather information with an invalid city ID" time="0.065">
    <system-out><![CDATA[  Then error message "city not found" with error code 404  is retrieved                                  # apiStepDefinitions.Steps.error_messageWithErrorCodeIsRetrieved(java.lang.String,java.lang.Integer)
]]></system-out>
  </testcase>
  <testcase name="User has an API key" classname="Authorized user is able to get current weather information with longitude and latitude" time="0">
    <system-out><![CDATA[
@WeatherByLatitudeLongitude
Scenario Outline: Authorized user is able to get current weather information with longitude and latitude # src/test/resources/apiTests/PositiveTests.feature:11
]]></system-out>
  </testcase>
  <testcase name="user requests current weather data for a 35 and 139" classname="Authorized user is able to get current weather information with longitude and latitude" time="0.39">
    <system-out><![CDATA[  Given User has an API key                                                                              # apiStepDefinitions.Steps.userHasAnAPIKey()
]]></system-out>
  </testcase>
  <testcase name="relevant weather data is retrieved" classname="Authorized user is able to get current weather information with longitude and latitude" time="0.134">
    <system-out><![CDATA[  When user requests current weather data for a 35 and 139                                               # apiStepDefinitions.Steps.requestsCurrentWeatherDataForALatitudeAndLongitude(java.lang.Integer,java.lang.Integer)
]]></system-out>
  </testcase>
  <testcase name="" classname="Authorized user is able to get current weather information with longitude and latitude" time="0.145">
    <system-out><![CDATA[  Then relevant weather data is retrieved                                                                # apiStepDefinitions.Steps.relevantWeatherDataIsRetrieved()
]]></system-out>
  </testcase>
  <testcase name="User has an API key" classname="Authorized user is able to get current weather information with a valid city name" time="0.001">
    <system-out><![CDATA[
@WeatherByCityName
Scenario Outline: Authorized user is able to get current weather information with a valid city name # src/test/resources/apiTests/PositiveTests.feature:21
]]></system-out>
  </testcase>
  <testcase name="user requests current weather data for a &quot;London&quot;" classname="Authorized user is able to get current weather information with a valid city name" time="0.427">
    <system-out><![CDATA[  Given User has an API key                                                                         # apiStepDefinitions.Steps.userHasAnAPIKey()
]]></system-out>
  </testcase>
  <testcase name="relevant weather data is retrieved matching the city" classname="Authorized user is able to get current weather information with a valid city name" time="0.001">
    <system-out><![CDATA[  When user requests current weather data for a "London"                                            # apiStepDefinitions.Steps.requestsCurrentWeatherDataForACity(java.lang.String)
]]></system-out>
  </testcase>
  <testcase name="" classname="Authorized user is able to get current weather information with a valid city name" time="0.012">
    <system-out><![CDATA[  Then relevant weather data is retrieved matching the city                                         # apiStepDefinitions.Steps.relevantWeatherDataIsRetrievedMatchingTheCity()
]]></system-out>
  </testcase>
  <testcase name="User has an API key" classname="Authorized user is able to get current weather information with a valid city name and country code" time="0">
    <system-out><![CDATA[
@WeatherByCityNameAndCountryCode
Scenario Outline: Authorized user is able to get current weather information with a valid city name and country code # src/test/resources/apiTests/PositiveTests.feature:31
]]></system-out>
  </testcase>
  <testcase name="user requests current weather data for a &quot;London&quot; and &quot;GB&quot;" classname="Authorized user is able to get current weather information with a valid city name and country code" time="0.489">
    <system-out><![CDATA[  Given User has an API key                                                                                          # apiStepDefinitions.Steps.userHasAnAPIKey()
]]></system-out>
  </testcase>
  <testcase name="relevant weather data is retrieved matching the city and country code" classname="Authorized user is able to get current weather information with a valid city name and country code" time="0.008">
    <system-out><![CDATA[  When user requests current weather data for a "London" and "GB"                                                    # apiStepDefinitions.Steps.requestsCurrentWeatherDataForACityAndCountryCode(java.lang.String,java.lang.String)
]]></system-out>
  </testcase>
  <testcase name="" classname="Authorized user is able to get current weather information with a valid city name and country code" time="0.042">
    <system-out><![CDATA[  Then relevant weather data is retrieved matching the city and country code                                         # apiStepDefinitions.Steps.relevantWeatherDataIsRetrievedMatchingTheCityAndCountryCode()
]]></system-out>
  </testcase>
  <testcase name="User has an API key" classname="Authorized user is able to get current weather information with a valid zip and country code" time="0">
    <system-out><![CDATA[
@WeatherByZipCodeAndCountryCode
Scenario Outline: Authorized user is able to get current weather information with a valid zip and country code # src/test/resources/apiTests/PositiveTests.feature:41
]]></system-out>
  </testcase>
  <testcase name="user requests current weather data for a 560079 and &quot;IN&quot;" classname="Authorized user is able to get current weather information with a valid zip and country code" time="0.553">
    <system-out><![CDATA[  Given User has an API key                                                                                    # apiStepDefinitions.Steps.userHasAnAPIKey()
]]></system-out>
  </testcase>
  <testcase name="relevant weather data is retrieved matching the zip and country code" classname="Authorized user is able to get current weather information with a valid zip and country code" time="0">
    <system-out><![CDATA[  When user requests current weather data for a 560079 and "IN"                                                # apiStepDefinitions.Steps.requestsCurrentWeatherDataForAZipCodeAndCountryCode(java.lang.Integer,java.lang.String)
]]></system-out>
  </testcase>
  <testcase name="" classname="Authorized user is able to get current weather information with a valid zip and country code" time="0.015">
    <system-out><![CDATA[  Then relevant weather data is retrieved matching the zip and country code                                    # apiStepDefinitions.Steps.relevantWeatherDataIsRetrievedMatchingTheZipAndCountryCode()
]]></system-out>
  </testcase>
  <testcase name="User has an API key" classname="Authorized user is able to get current weather information with a valid city ID" time="0">
    <system-out><![CDATA[
@WeatherByCityId
Scenario Outline: Authorized user is able to get current weather information with a valid city ID # src/test/resources/apiTests/PositiveTests.feature:51
]]></system-out>
  </testcase>
  <testcase name="user requests current weather data for a 2172797" classname="Authorized user is able to get current weather information with a valid city ID" time="0.353">
    <system-out><![CDATA[  Given User has an API key                                                                       # apiStepDefinitions.Steps.userHasAnAPIKey()
]]></system-out>
  </testcase>
  <testcase name="relevant weather data is retrieved matching the city id" classname="Authorized user is able to get current weather information with a valid city ID" time="0.005">
    <system-out><![CDATA[  When user requests current weather data for a 2172797                                           # apiStepDefinitions.Steps.requestsCurrentWeatherDataForACity(java.lang.Integer)
]]></system-out>
  </testcase>
  <testcase name="" classname="Authorized user is able to get current weather information with a valid city ID" time="0.027">
    <system-out><![CDATA[  Then relevant weather data is retrieved matching the city id                                    # apiStepDefinitions.Steps.relevantWeatherDataIsRetrievedMatchingTheCityId()
]]></system-out>
  </testcase>
</testsuite>